[debug] [2020-07-01T19:40:24.156Z] ----------------------------------------------------------------------
[debug] [2020-07-01T19:40:24.157Z] Command:       /usr/local/bin/node /usr/local/bin/firebase serve --only functions
[debug] [2020-07-01T19:40:24.157Z] CLI Version:   8.1.1
[debug] [2020-07-01T19:40:24.157Z] Platform:      darwin
[debug] [2020-07-01T19:40:24.157Z] Node Version:  v12.16.2
[debug] [2020-07-01T19:40:24.158Z] Time:          Wed Jul 01 2020 12:40:24 GMT-0700 (Pacific Daylight Time)
[debug] [2020-07-01T19:40:24.158Z] ----------------------------------------------------------------------
[debug] [2020-07-01T19:40:24.158Z] 
[debug] [2020-07-01T19:40:24.164Z] > command requires scopes: ["email","openid","https://www.googleapis.com/auth/cloudplatformprojects.readonly","https://www.googleapis.com/auth/firebase","https://www.googleapis.com/auth/cloud-platform"]
[debug] [2020-07-01T19:40:24.165Z] > authorizing via signed-in user
[debug] [2020-07-01T19:40:24.165Z] [iam] checking project portfolio-8316b for permissions ["firebase.projects.get"]
[debug] [2020-07-01T19:40:24.167Z] >>> HTTP REQUEST POST https://cloudresourcemanager.googleapis.com/v1/projects/portfolio-8316b:testIamPermissions  
 {"permissions":["firebase.projects.get"]}
[debug] [2020-07-01T19:40:24.282Z] <<< HTTP RESPONSE 200 {"content-type":"application/json; charset=UTF-8","vary":"X-Origin, Referer, Origin,Accept-Encoding","date":"Wed, 01 Jul 2020 19:40:24 GMT","server":"ESF","cache-control":"private","x-xss-protection":"0","x-frame-options":"SAMEORIGIN","x-content-type-options":"nosniff","server-timing":"gfet4t7; dur=61","alt-svc":"h3-27=\":443\"; ma=2592000,h3-25=\":443\"; ma=2592000,h3-T050=\":443\"; ma=2592000,h3-Q050=\":443\"; ma=2592000,h3-Q046=\":443\"; ma=2592000,h3-Q043=\":443\"; ma=2592000,quic=\":443\"; ma=2592000; v=\"46,43\"","accept-ranges":"none","transfer-encoding":"chunked"}
[debug] [2020-07-01T19:40:24.283Z] >>> HTTP REQUEST GET https://firebase.googleapis.com/v1beta1/projects/portfolio-8316b  
 
[debug] [2020-07-01T19:40:24.414Z] <<< HTTP RESPONSE 200 {"content-type":"application/json; charset=UTF-8","vary":"X-Origin, Referer, Origin,Accept-Encoding","date":"Wed, 01 Jul 2020 19:40:24 GMT","server":"ESF","cache-control":"private","x-xss-protection":"0","x-frame-options":"SAMEORIGIN","x-content-type-options":"nosniff","alt-svc":"h3-29=\":443\"; ma=2592000,h3-27=\":443\"; ma=2592000,h3-25=\":443\"; ma=2592000,h3-T050=\":443\"; ma=2592000,h3-Q050=\":443\"; ma=2592000,h3-Q046=\":443\"; ma=2592000,h3-Q043=\":443\"; ma=2592000,quic=\":443\"; ma=2592000; v=\"46,43\"","accept-ranges":"none","transfer-encoding":"chunked"}
[warn] ⚠  Your requested "node" version "8" doesn't match your global version "12"
[info] ✔  functions: functions emulator started at http://localhost:5000
[info] i  functions: Watching "/Users/wmaeda/Desktop/portfolio/functions" for Cloud Functions...
[debug] [2020-07-01T19:40:24.433Z] [worker-pool] addWorker(~diagnostic~) 
[debug] [2020-07-01T19:40:24.433Z] [worker-pool] Adding worker with key ~diagnostic~, total=1 
[debug] [2020-07-01T19:40:24.433Z] [worker-pool] submitWork(triggerId=) 
[debug] [2020-07-01T19:40:24.434Z] [worker-~diagnostic~-27981816-9ce6-4f7b-9240-99c73171645f]: Assigning socketPath: /var/folders/99/m96dy92x4n31n9hpqpkvy3q40000gn/T/fire_emu_42572.sock 
[debug] [2020-07-01T19:40:24.434Z] [worker-~diagnostic~-27981816-9ce6-4f7b-9240-99c73171645f]: BUSY 
[debug] [2020-07-01T19:40:24.622Z] [runtime-status] [42572] Functions runtime initialized. {"cwd":"/Users/wmaeda/Desktop/portfolio/functions","node_version":"12.16.2"} 
[debug] [2020-07-01T19:40:24.622Z] [runtime-status] [42572] Disabled runtime features: undefined 
[debug] [2020-07-01T19:40:24.624Z] [runtime-status] [42572] Resolved module firebase-admin {"declared":true,"installed":true,"version":"8.13.0","resolution":"/Users/wmaeda/Desktop/portfolio/functions/node_modules/firebase-admin/lib/index.js"} 
[debug] [2020-07-01T19:40:24.624Z] [runtime-status] [42572] Resolved module firebase-functions {"declared":true,"installed":true,"version":"3.7.0","resolution":"/Users/wmaeda/Desktop/portfolio/functions/node_modules/firebase-functions/lib/index.js"} 
[debug] [2020-07-01T19:40:24.627Z] [runtime-status] [42572] Outgoing network have been stubbed. [{"name":"http","status":"mocked"},{"name":"http","status":"mocked"},{"name":"https","status":"mocked"},{"name":"https","status":"mocked"},{"name":"net","status":"mocked"}] 
[debug] [2020-07-01T19:40:24.648Z] [runtime-status] [42572] Checked functions.config() {"config":{}} 
[debug] [2020-07-01T19:40:24.648Z] [runtime-status] [42572] Error in handleMessage: {"frb":{"cwd":"/Users/wmaeda/Desktop/portfolio/functions","projectId":"portfolio-8316b","triggerId":"","emulators":{},"socketPath":"/var/folders/99/m96dy92x4n31n9hpqpkvy3q40000gn/T/fire_emu_42572.sock"},"opts":{"nodeBinary":"/usr/local/bin/node"}} => TypeError: Cannot set property config of #<Object> which has only a getter: TypeError: Cannot set property config of #<Object> which has only a getter
    at /usr/local/lib/node_modules/firebase-tools/lib/emulator/functionsEmulatorRuntime.js:455:19
    at Generator.next (<anonymous>)
    at fulfilled (/usr/local/lib/node_modules/firebase-tools/lib/emulator/functionsEmulatorRuntime.js:5:58)
    at processTicksAndRejections (internal/process/task_queues.js:97:5) 
[warn] ⚠  functions: Cannot set property config of #<Object> which has only a getter
[warn] ⚠  Your function was killed because it raised an unhandled error.
[debug] [2020-07-01T19:40:24.652Z] [worker-~diagnostic~-27981816-9ce6-4f7b-9240-99c73171645f]: exited 
[debug] [2020-07-01T19:40:24.653Z] [worker-~diagnostic~-27981816-9ce6-4f7b-9240-99c73171645f]: FINISHED 
[debug] [2020-07-01T19:44:42.834Z] File /Users/wmaeda/Desktop/portfolio/functions/index.js changed, reloading triggers 
[debug] [2020-07-01T19:44:43.836Z] [worker-pool] Cleaned up workers for ~diagnostic~: 1 --> 0 
[debug] [2020-07-01T19:44:43.839Z] [worker-pool] addWorker(~diagnostic~) 
[debug] [2020-07-01T19:44:43.839Z] [worker-pool] Adding worker with key ~diagnostic~, total=1 
[debug] [2020-07-01T19:44:43.839Z] [worker-pool] submitWork(triggerId=) 
[debug] [2020-07-01T19:44:43.839Z] [worker-~diagnostic~-c28a883d-7fa0-4e0a-8f30-f39e6e598395]: Assigning socketPath: /var/folders/99/m96dy92x4n31n9hpqpkvy3q40000gn/T/fire_emu_74007.sock 
[debug] [2020-07-01T19:44:43.839Z] [worker-~diagnostic~-c28a883d-7fa0-4e0a-8f30-f39e6e598395]: BUSY 
[debug] [2020-07-01T19:44:44.041Z] [runtime-status] [74007] Functions runtime initialized. {"cwd":"/Users/wmaeda/Desktop/portfolio/functions","node_version":"12.16.2"} 
[debug] [2020-07-01T19:44:44.042Z] [runtime-status] [74007] Disabled runtime features: undefined 
[debug] [2020-07-01T19:44:44.044Z] [runtime-status] [74007] Resolved module firebase-admin {"declared":true,"installed":true,"version":"8.13.0","resolution":"/Users/wmaeda/Desktop/portfolio/functions/node_modules/firebase-admin/lib/index.js"} 
[debug] [2020-07-01T19:44:44.045Z] [runtime-status] [74007] Resolved module firebase-functions {"declared":true,"installed":true,"version":"3.7.0","resolution":"/Users/wmaeda/Desktop/portfolio/functions/node_modules/firebase-functions/lib/index.js"} 
[debug] [2020-07-01T19:44:44.048Z] [runtime-status] [74007] Outgoing network have been stubbed. [{"name":"http","status":"mocked"},{"name":"http","status":"mocked"},{"name":"https","status":"mocked"},{"name":"https","status":"mocked"},{"name":"net","status":"mocked"}] 
[debug] [2020-07-01T19:44:44.071Z] [runtime-status] [74007] Checked functions.config() {"config":{}} 
[debug] [2020-07-01T19:44:44.071Z] [runtime-status] [74007] Error in handleMessage: {"frb":{"cwd":"/Users/wmaeda/Desktop/portfolio/functions","projectId":"portfolio-8316b","triggerId":"","emulators":{},"socketPath":"/var/folders/99/m96dy92x4n31n9hpqpkvy3q40000gn/T/fire_emu_74007.sock"},"opts":{"nodeBinary":"/usr/local/bin/node"}} => TypeError: Cannot set property config of #<Object> which has only a getter: TypeError: Cannot set property config of #<Object> which has only a getter
    at /usr/local/lib/node_modules/firebase-tools/lib/emulator/functionsEmulatorRuntime.js:455:19
    at Generator.next (<anonymous>)
    at fulfilled (/usr/local/lib/node_modules/firebase-tools/lib/emulator/functionsEmulatorRuntime.js:5:58)
    at processTicksAndRejections (internal/process/task_queues.js:97:5) 
[warn] ⚠  functions: Cannot set property config of #<Object> which has only a getter
[warn] ⚠  Your function was killed because it raised an unhandled error.
[debug] [2020-07-01T19:44:44.078Z] [worker-~diagnostic~-c28a883d-7fa0-4e0a-8f30-f39e6e598395]: exited 
[debug] [2020-07-01T19:44:44.078Z] [worker-~diagnostic~-c28a883d-7fa0-4e0a-8f30-f39e6e598395]: FINISHED 
[debug] [2020-07-01T19:44:57.269Z] File /Users/wmaeda/Desktop/portfolio/functions/index.js changed, reloading triggers 
[debug] [2020-07-01T19:44:58.270Z] [worker-pool] Cleaned up workers for ~diagnostic~: 1 --> 0 
[debug] [2020-07-01T19:44:58.274Z] [worker-pool] addWorker(~diagnostic~) 
[debug] [2020-07-01T19:44:58.274Z] [worker-pool] Adding worker with key ~diagnostic~, total=1 
[debug] [2020-07-01T19:44:58.274Z] [worker-pool] submitWork(triggerId=) 
[debug] [2020-07-01T19:44:58.274Z] [worker-~diagnostic~-d1851fd2-d69e-4391-9466-863a07f4246b]: Assigning socketPath: /var/folders/99/m96dy92x4n31n9hpqpkvy3q40000gn/T/fire_emu_75767.sock 
[debug] [2020-07-01T19:44:58.274Z] [worker-~diagnostic~-d1851fd2-d69e-4391-9466-863a07f4246b]: BUSY 
[debug] [2020-07-01T19:44:58.494Z] [runtime-status] [75767] Functions runtime initialized. {"cwd":"/Users/wmaeda/Desktop/portfolio/functions","node_version":"12.16.2"} 
[debug] [2020-07-01T19:44:58.495Z] [runtime-status] [75767] Disabled runtime features: undefined 
[debug] [2020-07-01T19:44:58.497Z] [runtime-status] [75767] Resolved module firebase-admin {"declared":true,"installed":true,"version":"8.13.0","resolution":"/Users/wmaeda/Desktop/portfolio/functions/node_modules/firebase-admin/lib/index.js"} 
[debug] [2020-07-01T19:44:58.498Z] [runtime-status] [75767] Resolved module firebase-functions {"declared":true,"installed":true,"version":"3.7.0","resolution":"/Users/wmaeda/Desktop/portfolio/functions/node_modules/firebase-functions/lib/index.js"} 
[debug] [2020-07-01T19:44:58.499Z] [runtime-status] [75767] Outgoing network have been stubbed. [{"name":"http","status":"mocked"},{"name":"http","status":"mocked"},{"name":"https","status":"mocked"},{"name":"https","status":"mocked"},{"name":"net","status":"mocked"}] 
[debug] [2020-07-01T19:44:58.528Z] [runtime-status] [75767] Checked functions.config() {"config":{}} 
[debug] [2020-07-01T19:44:58.528Z] [runtime-status] [75767] Error in handleMessage: {"frb":{"cwd":"/Users/wmaeda/Desktop/portfolio/functions","projectId":"portfolio-8316b","triggerId":"","emulators":{},"socketPath":"/var/folders/99/m96dy92x4n31n9hpqpkvy3q40000gn/T/fire_emu_75767.sock"},"opts":{"nodeBinary":"/usr/local/bin/node"}} => TypeError: Cannot set property config of #<Object> which has only a getter: TypeError: Cannot set property config of #<Object> which has only a getter
    at /usr/local/lib/node_modules/firebase-tools/lib/emulator/functionsEmulatorRuntime.js:455:19
    at Generator.next (<anonymous>)
    at fulfilled (/usr/local/lib/node_modules/firebase-tools/lib/emulator/functionsEmulatorRuntime.js:5:58)
    at processTicksAndRejections (internal/process/task_queues.js:97:5) 
[warn] ⚠  functions: Cannot set property config of #<Object> which has only a getter
[warn] ⚠  Your function was killed because it raised an unhandled error.
[debug] [2020-07-01T19:44:58.532Z] [worker-~diagnostic~-d1851fd2-d69e-4391-9466-863a07f4246b]: exited 
[debug] [2020-07-01T19:44:58.532Z] [worker-~diagnostic~-d1851fd2-d69e-4391-9466-863a07f4246b]: FINISHED 
